{"/Users/aleksanderradziszewski/Desktop/praca/azure_devops/todo-app/frontend/src/App.tsx": {"path":"/Users/aleksanderradziszewski/Desktop/praca/azure_devops/todo-app/frontend/src/App.tsx","statementMap":{"0":{"start":{"line":1,"column":0},"end":{"line":1,"column":64}},"1":{"start":{"line":2,"column":0},"end":{"line":2,"column":43}},"2":{"start":{"line":3,"column":0},"end":{"line":3,"column":20}},"3":{"start":{"line":4,"column":0},"end":{"line":4,"column":54}},"4":{"start":{"line":5,"column":0},"end":{"line":5,"column":55}},"5":{"start":{"line":6,"column":0},"end":{"line":6,"column":48}},"6":{"start":{"line":16,"column":22},"end":{"line":177,"column":1}},"7":{"start":{"line":17,"column":28},"end":{"line":17,"column":52}},"8":{"start":{"line":18,"column":46},"end":{"line":18,"column":70}},"9":{"start":{"line":19,"column":17},"end":{"line":19,"column":50}},"10":{"start":{"line":20,"column":2},"end":{"line":20,"column":null}},"11":{"start":{"line":23,"column":2},"end":{"line":43,"column":9}},"12":{"start":{"line":24,"column":23},"end":{"line":40,"column":5}},"13":{"start":{"line":25,"column":6},"end":{"line":39,"column":7}},"14":{"start":{"line":26,"column":8},"end":{"line":28,"column":1}},"15":{"start":{"line":27,"column":10},"end":{"line":27,"column":85}},"16":{"start":{"line":29,"column":25},"end":{"line":29,"column":64}},"17":{"start":{"line":30,"column":21},"end":{"line":30,"column":42}},"18":{"start":{"line":31,"column":8},"end":{"line":36,"column":9}},"19":{"start":{"line":32,"column":10},"end":{"line":32,"column":40}},"20":{"start":{"line":34,"column":10},"end":{"line":34,"column":38}},"21":{"start":{"line":35,"column":10},"end":{"line":35,"column":25}},"22":{"start":{"line":38,"column":8},"end":{"line":38,"column":54}},"23":{"start":{"line":42,"column":4},"end":{"line":42,"column":17}},"24":{"start":{"line":46,"column":24},"end":{"line":56,"column":3}},"25":{"start":{"line":47,"column":4},"end":{"line":47,"column":28}},"26":{"start":{"line":48,"column":4},"end":{"line":55,"column":5}},"27":{"start":{"line":49,"column":22},"end":{"line":49,"column":42}},"28":{"start":{"line":50,"column":6},"end":{"line":50,"column":36}},"29":{"start":{"line":52,"column":6},"end":{"line":52,"column":49}},"30":{"start":{"line":54,"column":6},"end":{"line":54,"column":31}},"31":{"start":{"line":60,"column":4},"end":{"line":60,"column":28}},"32":{"start":{"line":61,"column":21},"end":{"line":67,"column":6}},"33":{"start":{"line":68,"column":4},"end":{"line":68,"column":27}},"34":{"start":{"line":72,"column":32},"end":{"line":87,"column":3}},"35":{"start":{"line":73,"column":17},"end":{"line":73,"column":53}},"36":{"start":{"line":73,"column":38},"end":{"line":73,"column":52}},"37":{"start":{"line":74,"column":4},"end":{"line":86,"column":5}},"38":{"start":{"line":75,"column":26},"end":{"line":75,"column":65}},"39":{"start":{"line":76,"column":23},"end":{"line":82,"column":8}},"40":{"start":{"line":83,"column":6},"end":{"line":85,"column":7}},"41":{"start":{"line":84,"column":8},"end":{"line":84,"column":68}},"42":{"start":{"line":84,"column":35},"end":{"line":84,"column":64}},"43":{"start":{"line":90,"column":27},"end":{"line":97,"column":3}},"44":{"start":{"line":91,"column":21},"end":{"line":93,"column":6}},"45":{"start":{"line":94,"column":4},"end":{"line":96,"column":5}},"46":{"start":{"line":95,"column":6},"end":{"line":95,"column":55}},"47":{"start":{"line":95,"column":38},"end":{"line":95,"column":52}},"48":{"start":{"line":100,"column":24},"end":{"line":103,"column":3}},"49":{"start":{"line":101,"column":4},"end":{"line":101,"column":23}},"50":{"start":{"line":102,"column":4},"end":{"line":102,"column":52}},"51":{"start":{"line":106,"column":24},"end":{"line":130,"column":13}},"52":{"start":{"line":107,"column":4},"end":{"line":107,"column":51}},"53":{"start":{"line":108,"column":27},"end":{"line":108,"column":89}},"54":{"start":{"line":108,"column":55},"end":{"line":108,"column":87}},"55":{"start":{"line":109,"column":4},"end":{"line":109,"column":70}},"56":{"start":{"line":111,"column":4},"end":{"line":129,"column":5}},"57":{"start":{"line":112,"column":23},"end":{"line":118,"column":8}},"58":{"start":{"line":120,"column":6},"end":{"line":126,"column":7}},"59":{"start":{"line":121,"column":8},"end":{"line":121,"column":58}},"60":{"start":{"line":123,"column":8},"end":{"line":123,"column":56}},"61":{"start":{"line":124,"column":26},"end":{"line":124,"column":47}},"62":{"start":{"line":125,"column":8},"end":{"line":125,"column":51}},"63":{"start":{"line":128,"column":6},"end":{"line":128,"column":71}},"64":{"start":{"line":133,"column":2},"end":{"line":138,"column":29}},"65":{"start":{"line":134,"column":4},"end":{"line":134,"column":56}},"66":{"start":{"line":135,"column":4},"end":{"line":137,"column":6}},"67":{"start":{"line":136,"column":6},"end":{"line":136,"column":61}},"68":{"start":{"line":140,"column":26},"end":{"line":152,"column":3}},"69":{"start":{"line":141,"column":21},"end":{"line":147,"column":6}},"70":{"start":{"line":148,"column":4},"end":{"line":150,"column":5}},"71":{"start":{"line":149,"column":8},"end":{"line":149,"column":55}},"72":{"start":{"line":151,"column":4},"end":{"line":151,"column":33}},"73":{"start":{"line":155,"column":2},"end":{"line":176,"column":4}},"74":{"start":{"line":179,"column":0},"end":{"line":179,"column":19}}},"fnMap":{"0":{"name":"(anonymous_0)","decl":{"start":{"line":16,"column":22},"end":{"line":16,"column":25}},"loc":{"start":{"line":16,"column":27},"end":{"line":177,"column":1}}},"1":{"name":"(anonymous_1)","decl":{"start":{"line":23,"column":12},"end":{"line":23,"column":15}},"loc":{"start":{"line":23,"column":17},"end":{"line":43,"column":3}}},"2":{"name":"(anonymous_2)","decl":{"start":{"line":24,"column":23},"end":{"line":24,"column":28}},"loc":{"start":{"line":24,"column":34},"end":{"line":40,"column":5}}},"3":{"name":"(anonymous_3)","decl":{"start":{"line":46,"column":24},"end":{"line":46,"column":29}},"loc":{"start":{"line":46,"column":48},"end":{"line":56,"column":3}}},"4":{"name":"addTask","decl":{"start":{"line":59,"column":17},"end":{"line":59,"column":24}},"loc":{"start":{"line":59,"column":38},"end":{"line":69,"column":3}}},"5":{"name":"(anonymous_5)","decl":{"start":{"line":72,"column":32},"end":{"line":72,"column":37}},"loc":{"start":{"line":72,"column":53},"end":{"line":87,"column":3}}},"6":{"name":"(anonymous_6)","decl":{"start":{"line":73,"column":28},"end":{"line":73,"column":29}},"loc":{"start":{"line":73,"column":38},"end":{"line":73,"column":52}}},"7":{"name":"(anonymous_7)","decl":{"start":{"line":84,"column":27},"end":{"line":84,"column":28}},"loc":{"start":{"line":84,"column":35},"end":{"line":84,"column":64}}},"8":{"name":"(anonymous_8)","decl":{"start":{"line":90,"column":27},"end":{"line":90,"column":32}},"loc":{"start":{"line":90,"column":48},"end":{"line":97,"column":3}}},"9":{"name":"(anonymous_9)","decl":{"start":{"line":95,"column":28},"end":{"line":95,"column":29}},"loc":{"start":{"line":95,"column":38},"end":{"line":95,"column":52}}},"10":{"name":"(anonymous_10)","decl":{"start":{"line":100,"column":24},"end":{"line":100,"column":25}},"loc":{"start":{"line":100,"column":49},"end":{"line":103,"column":3}}},"11":{"name":"(anonymous_11)","decl":{"start":{"line":106,"column":36},"end":{"line":106,"column":41}},"loc":{"start":{"line":106,"column":47},"end":{"line":130,"column":3}}},"12":{"name":"(anonymous_12)","decl":{"start":{"line":108,"column":37},"end":{"line":108,"column":38}},"loc":{"start":{"line":108,"column":55},"end":{"line":108,"column":87}}},"13":{"name":"(anonymous_13)","decl":{"start":{"line":133,"column":12},"end":{"line":133,"column":15}},"loc":{"start":{"line":133,"column":17},"end":{"line":138,"column":3}}},"14":{"name":"(anonymous_14)","decl":{"start":{"line":135,"column":11},"end":{"line":135,"column":14}},"loc":{"start":{"line":135,"column":16},"end":{"line":137,"column":5}}},"15":{"name":"(anonymous_15)","decl":{"start":{"line":140,"column":26},"end":{"line":140,"column":31}},"loc":{"start":{"line":140,"column":64},"end":{"line":152,"column":3}}}},"branchMap":{"0":{"loc":{"start":{"line":26,"column":8},"end":{"line":28,"column":1}},"type":"if","locations":[{"start":{"line":26,"column":8},"end":{"line":28,"column":1}}]},"1":{"loc":{"start":{"line":31,"column":8},"end":{"line":36,"column":9}},"type":"if","locations":[{"start":{"line":31,"column":8},"end":{"line":36,"column":9}},{"start":{"line":33,"column":15},"end":{"line":36,"column":9}}]},"2":{"loc":{"start":{"line":74,"column":4},"end":{"line":86,"column":5}},"type":"if","locations":[{"start":{"line":74,"column":4},"end":{"line":86,"column":5}}]},"3":{"loc":{"start":{"line":83,"column":6},"end":{"line":85,"column":7}},"type":"if","locations":[{"start":{"line":83,"column":6},"end":{"line":85,"column":7}}]},"4":{"loc":{"start":{"line":84,"column":35},"end":{"line":84,"column":64}},"type":"cond-expr","locations":[{"start":{"line":84,"column":49},"end":{"line":84,"column":60}},{"start":{"line":84,"column":63},"end":{"line":84,"column":64}}]},"5":{"loc":{"start":{"line":94,"column":4},"end":{"line":96,"column":5}},"type":"if","locations":[{"start":{"line":94,"column":4},"end":{"line":96,"column":5}}]},"6":{"loc":{"start":{"line":120,"column":6},"end":{"line":126,"column":7}},"type":"if","locations":[{"start":{"line":120,"column":6},"end":{"line":126,"column":7}},{"start":{"line":122,"column":13},"end":{"line":126,"column":7}}]},"7":{"loc":{"start":{"line":148,"column":4},"end":{"line":150,"column":5}},"type":"if","locations":[{"start":{"line":148,"column":4},"end":{"line":150,"column":5}}]}},"s":{"0":0,"1":0,"2":0,"3":0,"4":0,"5":0,"6":0,"7":0,"8":0,"9":0,"10":0,"11":0,"12":0,"13":0,"14":0,"15":0,"16":0,"17":0,"18":0,"19":0,"20":0,"21":0,"22":0,"23":0,"24":0,"25":0,"26":0,"27":0,"28":0,"29":0,"30":0,"31":0,"32":0,"33":0,"34":0,"35":0,"36":0,"37":0,"38":0,"39":0,"40":0,"41":0,"42":0,"43":0,"44":0,"45":0,"46":0,"47":0,"48":0,"49":0,"50":0,"51":0,"52":0,"53":0,"54":0,"55":0,"56":0,"57":0,"58":0,"59":0,"60":0,"61":0,"62":0,"63":0,"64":0,"65":0,"66":0,"67":0,"68":0,"69":0,"70":0,"71":0,"72":0,"73":0,"74":0},"f":{"0":0,"1":0,"2":0,"3":0,"4":0,"5":0,"6":0,"7":0,"8":0,"9":0,"10":0,"11":0,"12":0,"13":0,"14":0,"15":0},"b":{"0":[0],"1":[0,0],"2":[0],"3":[0],"4":[0,0],"5":[0],"6":[0,0],"7":[0]}}
,"/Users/aleksanderradziszewski/Desktop/praca/azure_devops/todo-app/frontend/src/components/AddTask.tsx": {"path":"/Users/aleksanderradziszewski/Desktop/praca/azure_devops/todo-app/frontend/src/components/AddTask.tsx","statementMap":{"0":{"start":{"line":1,"column":0},"end":{"line":1,"column":40}},"1":{"start":{"line":2,"column":0},"end":{"line":2,"column":40}},"2":{"start":{"line":10,"column":40},"end":{"line":43,"column":1}},"3":{"start":{"line":11,"column":30},"end":{"line":11,"column":42}},"4":{"start":{"line":14,"column":25},"end":{"line":19,"column":5}},"5":{"start":{"line":15,"column":8},"end":{"line":15,"column":27}},"6":{"start":{"line":16,"column":8},"end":{"line":16,"column":27}},"7":{"start":{"line":16,"column":20},"end":{"line":16,"column":27}},"8":{"start":{"line":17,"column":8},"end":{"line":17,"column":21}},"9":{"start":{"line":18,"column":8},"end":{"line":18,"column":21}},"10":{"start":{"line":22,"column":26},"end":{"line":26,"column":5}},"11":{"start":{"line":23,"column":8},"end":{"line":25,"column":9}},"12":{"start":{"line":24,"column":12},"end":{"line":24,"column":28}},"13":{"start":{"line":28,"column":4},"end":{"line":42,"column":6}},"14":{"start":{"line":33,"column":29},"end":{"line":33,"column":53}},"15":{"start":{"line":45,"column":0},"end":{"line":45,"column":23}}},"fnMap":{"0":{"name":"(anonymous_0)","decl":{"start":{"line":10,"column":40},"end":{"line":10,"column":41}},"loc":{"start":{"line":10,"column":62},"end":{"line":43,"column":1}}},"1":{"name":"(anonymous_1)","decl":{"start":{"line":14,"column":25},"end":{"line":14,"column":26}},"loc":{"start":{"line":14,"column":48},"end":{"line":19,"column":5}}},"2":{"name":"(anonymous_2)","decl":{"start":{"line":22,"column":26},"end":{"line":22,"column":27}},"loc":{"start":{"line":22,"column":53},"end":{"line":26,"column":5}}},"3":{"name":"(anonymous_3)","decl":{"start":{"line":33,"column":22},"end":{"line":33,"column":23}},"loc":{"start":{"line":33,"column":29},"end":{"line":33,"column":53}}}},"branchMap":{"0":{"loc":{"start":{"line":16,"column":8},"end":{"line":16,"column":27}},"type":"if","locations":[{"start":{"line":16,"column":8},"end":{"line":16,"column":27}}]},"1":{"loc":{"start":{"line":23,"column":8},"end":{"line":25,"column":9}},"type":"if","locations":[{"start":{"line":23,"column":8},"end":{"line":25,"column":9}}]},"2":{"loc":{"start":{"line":39,"column":17},"end":{"line":39,"column":44}},"type":"cond-expr","locations":[{"start":{"line":39,"column":27},"end":{"line":39,"column":38}},{"start":{"line":39,"column":39},"end":{"line":39,"column":44}}]}},"s":{"0":1,"1":1,"2":1,"3":30,"4":30,"5":5,"6":5,"7":1,"8":4,"9":4,"10":30,"11":2,"12":1,"13":30,"14":6,"15":1},"f":{"0":30,"1":5,"2":2,"3":6},"b":{"0":[1],"1":[1],"2":[3,27]}}
,"/Users/aleksanderradziszewski/Desktop/praca/azure_devops/todo-app/frontend/src/components/useDebounce.ts": {"path":"/Users/aleksanderradziszewski/Desktop/praca/azure_devops/todo-app/frontend/src/components/useDebounce.ts","statementMap":{"0":{"start":{"line":1,"column":0},"end":{"line":1,"column":44}},"1":{"start":{"line":36,"column":48},"end":{"line":36,"column":66}},"2":{"start":{"line":38,"column":4},"end":{"line":46,"column":23}},"3":{"start":{"line":39,"column":22},"end":{"line":41,"column":24}},"4":{"start":{"line":40,"column":12},"end":{"line":40,"column":37}},"5":{"start":{"line":43,"column":8},"end":{"line":45,"column":10}},"6":{"start":{"line":44,"column":12},"end":{"line":44,"column":32}},"7":{"start":{"line":48,"column":4},"end":{"line":48,"column":26}},"8":{"start":{"line":51,"column":0},"end":{"line":51,"column":27}}},"fnMap":{"0":{"name":"useDebounce","decl":{"start":{"line":35,"column":9},"end":{"line":35,"column":20}},"loc":{"start":{"line":35,"column":48},"end":{"line":49,"column":1}}},"1":{"name":"(anonymous_1)","decl":{"start":{"line":38,"column":14},"end":{"line":38,"column":17}},"loc":{"start":{"line":38,"column":19},"end":{"line":46,"column":5}}},"2":{"name":"(anonymous_2)","decl":{"start":{"line":39,"column":33},"end":{"line":39,"column":36}},"loc":{"start":{"line":39,"column":38},"end":{"line":41,"column":9}}},"3":{"name":"(anonymous_3)","decl":{"start":{"line":43,"column":15},"end":{"line":43,"column":18}},"loc":{"start":{"line":43,"column":20},"end":{"line":45,"column":9}}}},"branchMap":{"0":{"loc":{"start":{"line":41,"column":11},"end":{"line":41,"column":23}},"type":"binary-expr","locations":[{"start":{"line":41,"column":11},"end":{"line":41,"column":16}},{"start":{"line":41,"column":20},"end":{"line":41,"column":23}}]}},"s":{"0":1,"1":46,"2":46,"3":33,"4":18,"5":33,"6":33,"7":46,"8":1},"f":{"0":46,"1":33,"2":18,"3":33},"b":{"0":[33,4]}}
,"/Users/aleksanderradziszewski/Desktop/praca/azure_devops/todo-app/frontend/src/components/AppTitle/AppTitle.tsx": {"path":"/Users/aleksanderradziszewski/Desktop/praca/azure_devops/todo-app/frontend/src/components/AppTitle/AppTitle.tsx","statementMap":{"0":{"start":{"line":1,"column":0},"end":{"line":1,"column":26}},"1":{"start":{"line":3,"column":27},"end":{"line":6,"column":null}},"2":{"start":{"line":4,"column":4},"end":{"line":5,"column":null}},"3":{"start":{"line":9,"column":0},"end":{"line":9,"column":24}}},"fnMap":{"0":{"name":"(anonymous_0)","decl":{"start":{"line":3,"column":27},"end":{"line":3,"column":30}},"loc":{"start":{"line":4,"column":4},"end":{"line":5,"column":null}}}},"branchMap":{},"s":{"0":1,"1":1,"2":20,"3":1},"f":{"0":20},"b":{}}
,"/Users/aleksanderradziszewski/Desktop/praca/azure_devops/todo-app/frontend/src/components/footer/Footer.tsx": {"path":"/Users/aleksanderradziszewski/Desktop/praca/azure_devops/todo-app/frontend/src/components/footer/Footer.tsx","statementMap":{"0":{"start":{"line":1,"column":0},"end":{"line":1,"column":23}},"1":{"start":{"line":3,"column":15},"end":{"line":26,"column":1}},"2":{"start":{"line":4,"column":2},"end":{"line":25,"column":4}},"3":{"start":{"line":28,"column":0},"end":{"line":28,"column":22}}},"fnMap":{"0":{"name":"(anonymous_0)","decl":{"start":{"line":3,"column":15},"end":{"line":3,"column":18}},"loc":{"start":{"line":3,"column":20},"end":{"line":26,"column":1}}}},"branchMap":{},"s":{"0":1,"1":1,"2":28,"3":1},"f":{"0":28},"b":{}}
,"/Users/aleksanderradziszewski/Desktop/praca/azure_devops/todo-app/frontend/src/components/spinner/Spinner.tsx": {"path":"/Users/aleksanderradziszewski/Desktop/praca/azure_devops/todo-app/frontend/src/components/spinner/Spinner.tsx","statementMap":{"0":{"start":{"line":1,"column":0},"end":{"line":1,"column":26}},"1":{"start":{"line":2,"column":0},"end":{"line":2,"column":23}},"2":{"start":{"line":9,"column":40},"end":{"line":18,"column":1}},"3":{"start":{"line":10,"column":44},"end":{"line":15,"column":4}},"4":{"start":{"line":17,"column":2},"end":{"line":17,"column":62}},"5":{"start":{"line":20,"column":0},"end":{"line":20,"column":23}}},"fnMap":{"0":{"name":"(anonymous_0)","decl":{"start":{"line":9,"column":40},"end":{"line":9,"column":41}},"loc":{"start":{"line":9,"column":74},"end":{"line":18,"column":1}}}},"branchMap":{"0":{"loc":{"start":{"line":9,"column":43},"end":{"line":9,"column":52}},"type":"default-arg","locations":[{"start":{"line":9,"column":50},"end":{"line":9,"column":52}}]},"1":{"loc":{"start":{"line":9,"column":54},"end":{"line":9,"column":68}},"type":"default-arg","locations":[{"start":{"line":9,"column":62},"end":{"line":9,"column":68}}]}},"s":{"0":2,"1":2,"2":2,"3":36,"4":36,"5":2},"f":{"0":36},"b":{"0":[20],"1":[26]}}
,"/Users/aleksanderradziszewski/Desktop/praca/azure_devops/todo-app/frontend/src/components/task-list/TaskList.tsx": {"path":"/Users/aleksanderradziszewski/Desktop/praca/azure_devops/todo-app/frontend/src/components/task-list/TaskList.tsx","statementMap":{"0":{"start":{"line":1,"column":0},"end":{"line":1,"column":26}},"1":{"start":{"line":2,"column":0},"end":{"line":2,"column":40}},"2":{"start":{"line":3,"column":0},"end":{"line":3,"column":31}},"3":{"start":{"line":4,"column":0},"end":{"line":4,"column":25}},"4":{"start":{"line":21,"column":42},"end":{"line":40,"column":1}},"5":{"start":{"line":22,"column":2},"end":{"line":39,"column":4}},"6":{"start":{"line":30,"column":8},"end":{"line":31,"column":null}},"7":{"start":{"line":42,"column":0},"end":{"line":42,"column":24}}},"fnMap":{"0":{"name":"(anonymous_0)","decl":{"start":{"line":21,"column":42},"end":{"line":21,"column":43}},"loc":{"start":{"line":21,"column":112},"end":{"line":40,"column":1}}},"1":{"name":"(anonymous_1)","decl":{"start":{"line":29,"column":17},"end":{"line":29,"column":18}},"loc":{"start":{"line":30,"column":8},"end":{"line":31,"column":null}}}},"branchMap":{},"s":{"0":0,"1":0,"2":0,"3":0,"4":0,"5":0,"6":0,"7":0},"f":{"0":0,"1":0},"b":{}}
,"/Users/aleksanderradziszewski/Desktop/praca/azure_devops/todo-app/frontend/src/components/task-list/task/Task.tsx": {"path":"/Users/aleksanderradziszewski/Desktop/praca/azure_devops/todo-app/frontend/src/components/task-list/task/Task.tsx","statementMap":{"0":{"start":{"line":1,"column":0},"end":{"line":1,"column":51}},"1":{"start":{"line":2,"column":0},"end":{"line":2,"column":73}},"2":{"start":{"line":3,"column":0},"end":{"line":3,"column":21}},"3":{"start":{"line":4,"column":0},"end":{"line":4,"column":47}},"4":{"start":{"line":5,"column":0},"end":{"line":5,"column":52}},"5":{"start":{"line":6,"column":0},"end":{"line":6,"column":44}},"6":{"start":{"line":20,"column":34},"end":{"line":60,"column":1}},"7":{"start":{"line":21,"column":21},"end":{"line":21,"column":38}},"8":{"start":{"line":22,"column":14},"end":{"line":22,"column":31}},"9":{"start":{"line":23,"column":22},"end":{"line":23,"column":40}},"10":{"start":{"line":24,"column":30},"end":{"line":24,"column":50}},"11":{"start":{"line":25,"column":27},"end":{"line":25,"column":50}},"12":{"start":{"line":27,"column":4},"end":{"line":31,"column":61}},"13":{"start":{"line":28,"column":8},"end":{"line":30,"column":9}},"14":{"start":{"line":29,"column":12},"end":{"line":29,"column":51}},"15":{"start":{"line":34,"column":4},"end":{"line":59,"column":6}},"16":{"start":{"line":47,"column":46},"end":{"line":47,"column":63}},"17":{"start":{"line":51,"column":84},"end":{"line":51,"column":110}},"18":{"start":{"line":53,"column":24},"end":{"line":53,"column":null}},"19":{"start":{"line":62,"column":0},"end":{"line":62,"column":20}}},"fnMap":{"0":{"name":"(anonymous_0)","decl":{"start":{"line":20,"column":34},"end":{"line":20,"column":35}},"loc":{"start":{"line":20,"column":91},"end":{"line":60,"column":1}}},"1":{"name":"(anonymous_1)","decl":{"start":{"line":27,"column":14},"end":{"line":27,"column":17}},"loc":{"start":{"line":27,"column":19},"end":{"line":31,"column":5}}},"2":{"name":"(anonymous_2)","decl":{"start":{"line":47,"column":39},"end":{"line":47,"column":40}},"loc":{"start":{"line":47,"column":46},"end":{"line":47,"column":63}}},"3":{"name":"(anonymous_3)","decl":{"start":{"line":51,"column":78},"end":{"line":51,"column":81}},"loc":{"start":{"line":51,"column":84},"end":{"line":51,"column":110}}},"4":{"name":"(anonymous_4)","decl":{"start":{"line":52,"column":51},"end":{"line":52,"column":52}},"loc":{"start":{"line":52,"column":56},"end":{"line":54,"column":21}}}},"branchMap":{"0":{"loc":{"start":{"line":28,"column":8},"end":{"line":30,"column":9}},"type":"if","locations":[{"start":{"line":28,"column":8},"end":{"line":30,"column":9}}]}},"s":{"0":0,"1":0,"2":0,"3":0,"4":0,"5":0,"6":0,"7":0,"8":0,"9":0,"10":0,"11":0,"12":0,"13":0,"14":0,"15":0,"16":0,"17":0,"18":0,"19":0},"f":{"0":0,"1":0,"2":0,"3":0,"4":0},"b":{"0":[0]}}
,"/Users/aleksanderradziszewski/Desktop/praca/azure_devops/todo-app/frontend/src/components/task-list/task/useRaisedShadow.ts": {"path":"/Users/aleksanderradziszewski/Desktop/praca/azure_devops/todo-app/frontend/src/components/task-list/task/useRaisedShadow.ts","statementMap":{"0":{"start":{"line":1,"column":0},"end":{"line":1,"column":69}},"1":{"start":{"line":2,"column":0},"end":{"line":2,"column":34}},"2":{"start":{"line":4,"column":23},"end":{"line":4,"column":52}},"3":{"start":{"line":7,"column":20},"end":{"line":7,"column":50}},"4":{"start":{"line":9,"column":2},"end":{"line":26,"column":25}},"5":{"start":{"line":10,"column":19},"end":{"line":10,"column":24}},"6":{"start":{"line":11,"column":24},"end":{"line":24,"column":6}},"7":{"start":{"line":12,"column":24},"end":{"line":12,"column":32}},"8":{"start":{"line":13,"column":6},"end":{"line":23,"column":7}},"9":{"start":{"line":14,"column":8},"end":{"line":14,"column":24}},"10":{"start":{"line":15,"column":8},"end":{"line":17,"column":9}},"11":{"start":{"line":16,"column":10},"end":{"line":16,"column":61}},"12":{"start":{"line":19,"column":8},"end":{"line":19,"column":25}},"13":{"start":{"line":20,"column":8},"end":{"line":22,"column":9}},"14":{"start":{"line":21,"column":10},"end":{"line":21,"column":45}},"15":{"start":{"line":25,"column":4},"end":{"line":25,"column":31}},"16":{"start":{"line":25,"column":17},"end":{"line":25,"column":30}},"17":{"start":{"line":28,"column":2},"end":{"line":28,"column":19}},"18":{"start":{"line":6,"column":0},"end":{"line":6,"column":16}}},"fnMap":{"0":{"name":"useRaisedShadow","decl":{"start":{"line":6,"column":16},"end":{"line":6,"column":31}},"loc":{"start":{"line":6,"column":58},"end":{"line":29,"column":1}}},"1":{"name":"(anonymous_1)","decl":{"start":{"line":9,"column":12},"end":{"line":9,"column":15}},"loc":{"start":{"line":9,"column":17},"end":{"line":26,"column":3}}},"2":{"name":"(anonymous_2)","decl":{"start":{"line":11,"column":43},"end":{"line":11,"column":44}},"loc":{"start":{"line":11,"column":54},"end":{"line":24,"column":5}}},"3":{"name":"(anonymous_3)","decl":{"start":{"line":25,"column":11},"end":{"line":25,"column":14}},"loc":{"start":{"line":25,"column":17},"end":{"line":25,"column":30}}}},"branchMap":{"0":{"loc":{"start":{"line":13,"column":6},"end":{"line":23,"column":7}},"type":"if","locations":[{"start":{"line":13,"column":6},"end":{"line":23,"column":7}},{"start":{"line":18,"column":13},"end":{"line":23,"column":7}}]},"1":{"loc":{"start":{"line":15,"column":8},"end":{"line":17,"column":9}},"type":"if","locations":[{"start":{"line":15,"column":8},"end":{"line":17,"column":9}}]},"2":{"loc":{"start":{"line":20,"column":8},"end":{"line":22,"column":9}},"type":"if","locations":[{"start":{"line":20,"column":8},"end":{"line":22,"column":9}}]}},"s":{"0":0,"1":0,"2":0,"3":0,"4":0,"5":0,"6":0,"7":0,"8":0,"9":0,"10":0,"11":0,"12":0,"13":0,"14":0,"15":0,"16":0,"17":0,"18":0},"f":{"0":0,"1":0,"2":0,"3":0},"b":{"0":[0,0],"1":[0],"2":[0]}}
,"/Users/aleksanderradziszewski/Desktop/praca/azure_devops/todo-app/frontend/src/components/task-list/task/delete-btn/DeleteBtn.tsx": {"path":"/Users/aleksanderradziszewski/Desktop/praca/azure_devops/todo-app/frontend/src/components/task-list/task/delete-btn/DeleteBtn.tsx","statementMap":{"0":{"start":{"line":1,"column":0},"end":{"line":1,"column":26}},"1":{"start":{"line":8,"column":44},"end":{"line":11,"column":null}},"2":{"start":{"line":9,"column":4},"end":{"line":9,"column":null}},"3":{"start":{"line":9,"column":27},"end":{"line":9,"column":39}},"4":{"start":{"line":14,"column":0},"end":{"line":14,"column":25}}},"fnMap":{"0":{"name":"(anonymous_0)","decl":{"start":{"line":8,"column":44},"end":{"line":8,"column":45}},"loc":{"start":{"line":9,"column":4},"end":{"line":9,"column":null}}},"1":{"name":"(anonymous_1)","decl":{"start":{"line":9,"column":21},"end":{"line":9,"column":24}},"loc":{"start":{"line":9,"column":27},"end":{"line":9,"column":39}}}},"branchMap":{},"s":{"0":1,"1":1,"2":21,"3":15,"4":1},"f":{"0":21,"1":15},"b":{}}
}
