TN:
SF:src/App.tsx
FN:16,(anonymous_0)
FN:23,(anonymous_1)
FN:24,(anonymous_2)
FN:46,(anonymous_3)
FN:59,addTask
FN:72,(anonymous_5)
FN:73,(anonymous_6)
FN:84,(anonymous_7)
FN:90,(anonymous_8)
FN:95,(anonymous_9)
FN:100,(anonymous_10)
FN:106,(anonymous_11)
FN:108,(anonymous_12)
FN:133,(anonymous_13)
FN:135,(anonymous_14)
FN:140,(anonymous_15)
FNF:16
FNH:0
FNDA:0,(anonymous_0)
FNDA:0,(anonymous_1)
FNDA:0,(anonymous_2)
FNDA:0,(anonymous_3)
FNDA:0,addTask
FNDA:0,(anonymous_5)
FNDA:0,(anonymous_6)
FNDA:0,(anonymous_7)
FNDA:0,(anonymous_8)
FNDA:0,(anonymous_9)
FNDA:0,(anonymous_10)
FNDA:0,(anonymous_11)
FNDA:0,(anonymous_12)
FNDA:0,(anonymous_13)
FNDA:0,(anonymous_14)
FNDA:0,(anonymous_15)
DA:1,0
DA:2,0
DA:3,0
DA:4,0
DA:5,0
DA:6,0
DA:16,0
DA:17,0
DA:18,0
DA:19,0
DA:20,0
DA:23,0
DA:24,0
DA:25,0
DA:26,0
DA:27,0
DA:29,0
DA:30,0
DA:31,0
DA:32,0
DA:34,0
DA:35,0
DA:38,0
DA:42,0
DA:46,0
DA:47,0
DA:48,0
DA:49,0
DA:50,0
DA:52,0
DA:54,0
DA:60,0
DA:61,0
DA:68,0
DA:72,0
DA:73,0
DA:74,0
DA:75,0
DA:76,0
DA:83,0
DA:84,0
DA:90,0
DA:91,0
DA:94,0
DA:95,0
DA:100,0
DA:101,0
DA:102,0
DA:106,0
DA:107,0
DA:108,0
DA:109,0
DA:111,0
DA:112,0
DA:120,0
DA:121,0
DA:123,0
DA:124,0
DA:125,0
DA:128,0
DA:133,0
DA:134,0
DA:135,0
DA:136,0
DA:140,0
DA:141,0
DA:148,0
DA:149,0
DA:151,0
DA:155,0
DA:179,0
LF:71
LH:0
BRDA:26,0,0,0
BRDA:31,1,0,0
BRDA:31,1,1,0
BRDA:74,2,0,0
BRDA:83,3,0,0
BRDA:84,4,0,0
BRDA:84,4,1,0
BRDA:94,5,0,0
BRDA:120,6,0,0
BRDA:120,6,1,0
BRDA:148,7,0,0
BRF:11
BRH:0
end_of_record
TN:
SF:src/components/AddTask.tsx
FN:10,(anonymous_0)
FN:14,(anonymous_1)
FN:22,(anonymous_2)
FN:33,(anonymous_3)
FNF:4
FNH:4
FNDA:30,(anonymous_0)
FNDA:5,(anonymous_1)
FNDA:2,(anonymous_2)
FNDA:6,(anonymous_3)
DA:1,1
DA:2,1
DA:10,1
DA:11,30
DA:14,30
DA:15,5
DA:16,5
DA:17,4
DA:18,4
DA:22,30
DA:23,2
DA:24,1
DA:28,30
DA:33,6
DA:45,1
LF:15
LH:15
BRDA:16,0,0,1
BRDA:23,1,0,1
BRDA:39,2,0,3
BRDA:39,2,1,27
BRF:4
BRH:4
end_of_record
TN:
SF:src/components/useDebounce.ts
FN:35,useDebounce
FN:38,(anonymous_1)
FN:39,(anonymous_2)
FN:43,(anonymous_3)
FNF:4
FNH:4
FNDA:46,useDebounce
FNDA:33,(anonymous_1)
FNDA:18,(anonymous_2)
FNDA:33,(anonymous_3)
DA:1,1
DA:36,46
DA:38,46
DA:39,33
DA:40,18
DA:43,33
DA:44,33
DA:48,46
DA:51,1
LF:9
LH:9
BRDA:41,0,0,33
BRDA:41,0,1,4
BRF:2
BRH:2
end_of_record
TN:
SF:src/components/AppTitle/AppTitle.tsx
FN:3,(anonymous_0)
FNF:1
FNH:1
FNDA:20,(anonymous_0)
DA:1,1
DA:3,1
DA:4,20
DA:9,1
LF:4
LH:4
BRF:0
BRH:0
end_of_record
TN:
SF:src/components/footer/Footer.tsx
FN:3,(anonymous_0)
FNF:1
FNH:1
FNDA:28,(anonymous_0)
DA:1,1
DA:3,1
DA:4,28
DA:28,1
LF:4
LH:4
BRF:0
BRH:0
end_of_record
TN:
SF:src/components/spinner/Spinner.tsx
FN:9,(anonymous_0)
FNF:1
FNH:1
FNDA:36,(anonymous_0)
DA:1,2
DA:2,2
DA:9,2
DA:10,36
DA:17,36
DA:20,2
LF:6
LH:6
BRDA:9,0,0,20
BRDA:9,1,0,26
BRF:2
BRH:2
end_of_record
TN:
SF:src/components/task-list/TaskList.tsx
FN:21,(anonymous_0)
FN:29,(anonymous_1)
FNF:2
FNH:0
FNDA:0,(anonymous_0)
FNDA:0,(anonymous_1)
DA:1,0
DA:2,0
DA:3,0
DA:4,0
DA:21,0
DA:22,0
DA:30,0
DA:42,0
LF:8
LH:0
BRF:0
BRH:0
end_of_record
TN:
SF:src/components/task-list/task/Task.tsx
FN:20,(anonymous_0)
FN:27,(anonymous_1)
FN:47,(anonymous_2)
FN:51,(anonymous_3)
FN:52,(anonymous_4)
FNF:5
FNH:0
FNDA:0,(anonymous_0)
FNDA:0,(anonymous_1)
FNDA:0,(anonymous_2)
FNDA:0,(anonymous_3)
FNDA:0,(anonymous_4)
DA:1,0
DA:2,0
DA:3,0
DA:4,0
DA:5,0
DA:6,0
DA:20,0
DA:21,0
DA:22,0
DA:23,0
DA:24,0
DA:25,0
DA:27,0
DA:28,0
DA:29,0
DA:34,0
DA:47,0
DA:51,0
DA:53,0
DA:62,0
LF:20
LH:0
BRDA:28,0,0,0
BRF:1
BRH:0
end_of_record
TN:
SF:src/components/task-list/task/useRaisedShadow.ts
FN:6,useRaisedShadow
FN:9,(anonymous_1)
FN:11,(anonymous_2)
FN:25,(anonymous_3)
FNF:4
FNH:0
FNDA:0,useRaisedShadow
FNDA:0,(anonymous_1)
FNDA:0,(anonymous_2)
FNDA:0,(anonymous_3)
DA:1,0
DA:2,0
DA:4,0
DA:6,0
DA:7,0
DA:9,0
DA:10,0
DA:11,0
DA:12,0
DA:13,0
DA:14,0
DA:15,0
DA:16,0
DA:19,0
DA:20,0
DA:21,0
DA:25,0
DA:28,0
LF:18
LH:0
BRDA:13,0,0,0
BRDA:13,0,1,0
BRDA:15,1,0,0
BRDA:20,2,0,0
BRF:4
BRH:0
end_of_record
TN:
SF:src/components/task-list/task/delete-btn/DeleteBtn.tsx
FN:8,(anonymous_0)
FN:9,(anonymous_1)
FNF:2
FNH:2
FNDA:21,(anonymous_0)
FNDA:15,(anonymous_1)
DA:1,1
DA:8,1
DA:9,21
DA:14,1
LF:4
LH:4
BRF:0
BRH:0
end_of_record
